<?xml version="1.0" encoding="utf-8"?>
<?AutomationStudio Version="4.5.2.102"?>
<Objects>
  <Object
    Path="C:\Projects\Lab3\Logical\Package.pkg"
    LogicalPath=""
    Type="Package.ParentUnknown"
    LastWriteTime="132179715787584662" />
  <Object
    Path="C:\Projects\Lab3\Logical\Global.typ"
    LogicalPath="Global.typ"
    Type="File"
    LastWriteTime="132179715785250527"
    Private="false" />
  <Object
    Path="C:\Projects\Lab3\Logical\Global.var"
    LogicalPath="Global.var"
    Type="File"
    LastWriteTime="132179715785255656"
    Private="false" />
  <Object
    Path="C:\Projects\Lab3\Logical\Libraries\Package.pkg"
    LogicalPath="Libraries"
    Type="Package"
    LastWriteTime="132179743808944652" />
  <Object
    Path="C:\Projects\Lab3\Logical\Libraries\operator\binary.lby"
    LogicalPath="Libraries.operator"
    Type="Library"
    LastWriteTime="132179715787425107" />
  <Object
    Path="C:\Projects\Lab3\Logical\Libraries\operator\operator.fun"
    LogicalPath="Libraries.operator.operator.fun"
    Type="File"
    LastWriteTime="132179715787434206"
    Private="false" />
  <Object
    Path="C:\Projects\Lab3\Logical\Libraries\operator\operator.typ"
    LogicalPath="Libraries.operator.operator.typ"
    Type="File"
    LastWriteTime="132179715787434206"
    Private="false" />
  <Object
    Path="C:\Projects\Lab3\Logical\Libraries\operator\operator.var"
    LogicalPath="Libraries.operator.operator.var"
    Type="File"
    LastWriteTime="132179715787444026"
    Private="false" />
  <Object
    Path="C:\Projects\Lab3\Logical\Libraries\runtime\binary.lby"
    LogicalPath="Libraries.runtime"
    Type="Library"
    LastWriteTime="132179715787493069" />
  <Object
    Path="C:\Projects\Lab3\Logical\Libraries\runtime\runtime.fun"
    LogicalPath="Libraries.runtime.runtime.fun"
    Type="File"
    LastWriteTime="132179715787493069"
    Private="false" />
  <Object
    Path="C:\Projects\Lab3\Logical\Libraries\runtime\runtime.typ"
    LogicalPath="Libraries.runtime.runtime.typ"
    Type="File"
    LastWriteTime="132179715787500991"
    Private="false" />
  <Object
    Path="C:\Projects\Lab3\Logical\Libraries\runtime\runtime.var"
    LogicalPath="Libraries.runtime.runtime.var"
    Type="File"
    LastWriteTime="132179715787513271"
    Private="false" />
  <Object
    Path="C:\Projects\Lab3\Logical\Libraries\astime\binary.lby"
    LogicalPath="Libraries.astime"
    Type="Library"
    LastWriteTime="132179715787318353" />
  <Object
    Path="C:\Projects\Lab3\Logical\Libraries\astime\astime.fun"
    LogicalPath="Libraries.astime.astime.fun"
    Type="File"
    LastWriteTime="132179715787298784"
    Private="false" />
  <Object
    Path="C:\Projects\Lab3\Logical\Libraries\astime\astime.typ"
    LogicalPath="Libraries.astime.astime.typ"
    Type="File"
    LastWriteTime="132179715787298784"
    Private="false" />
  <Object
    Path="C:\Projects\Lab3\Logical\Libraries\astime\astime.var"
    LogicalPath="Libraries.astime.astime.var"
    Type="File"
    LastWriteTime="132179715787307607"
    Private="false" />
  <Object
    Path="C:\Projects\Lab3\Logical\Libraries\AsIecCon\binary.lby"
    LogicalPath="Libraries.AsIecCon"
    Type="Library"
    LastWriteTime="132179715787099004" />
  <Object
    Path="C:\Projects\Lab3\Logical\Libraries\AsIecCon\AsIecCon.fun"
    LogicalPath="Libraries.AsIecCon.AsIecCon.fun"
    Type="File"
    LastWriteTime="132179715787043310"
    Private="false" />
  <Object
    Path="C:\Projects\Lab3\Logical\Libraries\AsIecCon\AsIecCon.typ"
    LogicalPath="Libraries.AsIecCon.AsIecCon.typ"
    Type="File"
    LastWriteTime="132179715787054125"
    Private="false" />
  <Object
    Path="C:\Projects\Lab3\Logical\Libraries\AsIecCon\AsIecCon.var"
    LogicalPath="Libraries.AsIecCon.AsIecCon.var"
    Type="File"
    LastWriteTime="132179715787063638"
    Private="false" />
  <Object
    Path="C:\Projects\Lab3\Logical\Libraries\Acp10man\Binary.lby"
    LogicalPath="Libraries.Acp10man"
    Type="Library"
    LastWriteTime="132179715785643845" />
  <Object
    Path="C:\Projects\Lab3\Logical\Libraries\Acp10man\Acp10man.typ"
    LogicalPath="Libraries.Acp10man.Acp10man.typ"
    Type="File"
    LastWriteTime="132179715785609506"
    Private="false" />
  <Object
    Path="C:\Projects\Lab3\Logical\Libraries\Acp10par\Binary.lby"
    LogicalPath="Libraries.Acp10par"
    Type="Library"
    LastWriteTime="132179715786573865" />
  <Object
    Path="C:\Projects\Lab3\Logical\Libraries\Acp10par\Acp10par.var"
    LogicalPath="Libraries.Acp10par.Acp10par.var"
    Type="File"
    LastWriteTime="132179715786567956"
    Private="false" />
  <Object
    Path="C:\Projects\Lab3\Logical\Libraries\NcGlobal\Binary.lby"
    LogicalPath="Libraries.NcGlobal"
    Type="Library"
    LastWriteTime="132179715787162168" />
  <Object
    Path="C:\Projects\Lab3\Logical\Libraries\NcGlobal\NcGlobal.fun"
    LogicalPath="Libraries.NcGlobal.NcGlobal.fun"
    Type="File"
    LastWriteTime="132179715787167172"
    Private="false" />
  <Object
    Path="C:\Projects\Lab3\Logical\Libraries\NcGlobal\NcGlobal.typ"
    LogicalPath="Libraries.NcGlobal.NcGlobal.typ"
    Type="File"
    LastWriteTime="132179715787175741"
    Private="false" />
  <Object
    Path="C:\Projects\Lab3\Logical\Libraries\NcGlobal\NcGlobal.var"
    LogicalPath="Libraries.NcGlobal.NcGlobal.var"
    Type="File"
    LastWriteTime="132179715787179643"
    Private="false" />
  <Object
    Path="C:\Projects\Lab3\Logical\Libraries\Acp10sdc\binary.lby"
    LogicalPath="Libraries.Acp10sdc"
    Type="Library"
    LastWriteTime="132179715786730785" />
  <Object
    Path="C:\Projects\Lab3\Logical\Libraries\Acp10sdc\acp10sdc.var"
    LogicalPath="Libraries.Acp10sdc.acp10sdc.var"
    Type="File"
    LastWriteTime="132179715786726944"
    Private="false" />
  <Object
    Path="C:\Projects\Lab3\Logical\Libraries\Acp10sdc\acp10sdc.typ"
    LogicalPath="Libraries.Acp10sdc.acp10sdc.typ"
    Type="File"
    LastWriteTime="132179715786717836"
    Private="false" />
  <Object
    Path="C:\Projects\Lab3\Logical\Libraries\AsBrStr\binary.lby"
    LogicalPath="Libraries.AsBrStr"
    Type="Library"
    LastWriteTime="132179715787035035" />
  <Object
    Path="C:\Projects\Lab3\Logical\Libraries\AsBrStr\AsBrStr.fun"
    LogicalPath="Libraries.AsBrStr.AsBrStr.fun"
    Type="File"
    LastWriteTime="132179715786984880"
    Private="false" />
  <Object
    Path="C:\Projects\Lab3\Logical\Libraries\AsBrStr\AsBrStr.typ"
    LogicalPath="Libraries.AsBrStr.AsBrStr.typ"
    Type="File"
    LastWriteTime="132179715786994894"
    Private="false" />
  <Object
    Path="C:\Projects\Lab3\Logical\Libraries\AsBrStr\AsBrStr.var"
    LogicalPath="Libraries.AsBrStr.AsBrStr.var"
    Type="File"
    LastWriteTime="132179715786994894"
    Private="false" />
  <Object
    Path="C:\Projects\Lab3\Logical\Libraries\Acp10_MC\binary.lby"
    LogicalPath="Libraries.Acp10_MC"
    Type="Library"
    LastWriteTime="132179715785560577" />
  <Object
    Path="C:\Projects\Lab3\Logical\Libraries\Acp10_MC\acp10_mc.fun"
    LogicalPath="Libraries.Acp10_MC.acp10_mc.fun"
    Type="File"
    LastWriteTime="132179715785527779"
    Private="false" />
  <Object
    Path="C:\Projects\Lab3\Logical\Libraries\Acp10_MC\acp10_mc.typ"
    LogicalPath="Libraries.Acp10_MC.acp10_mc.typ"
    Type="File"
    LastWriteTime="132179715785542367"
    Private="false" />
  <Object
    Path="C:\Projects\Lab3\Logical\Libraries\Acp10_MC\acp10_mc.var"
    LogicalPath="Libraries.Acp10_MC.acp10_mc.var"
    Type="File"
    LastWriteTime="132179715785550659"
    Private="false" />
  <Object
    Path="C:\Projects\Lab3\Logical\Libraries\brsystem\binary.lby"
    LogicalPath="Libraries.brsystem"
    Type="Library"
    LastWriteTime="132179715787356329" />
  <Object
    Path="C:\Projects\Lab3\Logical\Libraries\brsystem\brsystem.fun"
    LogicalPath="Libraries.brsystem.brsystem.fun"
    Type="File"
    LastWriteTime="132179715787366629"
    Private="false" />
  <Object
    Path="C:\Projects\Lab3\Logical\Libraries\brsystem\brsystem.typ"
    LogicalPath="Libraries.brsystem.brsystem.typ"
    Type="File"
    LastWriteTime="132179715787376552"
    Private="false" />
  <Object
    Path="C:\Projects\Lab3\Logical\Libraries\brsystem\brsystem.var"
    LogicalPath="Libraries.brsystem.brsystem.var"
    Type="File"
    LastWriteTime="132179715787386234"
    Private="false" />
  <Object
    Path="C:\Projects\Lab3\Logical\Libraries\sys_lib\binary.lby"
    LogicalPath="Libraries.sys_lib"
    Type="Library"
    LastWriteTime="132179715787562178" />
  <Object
    Path="C:\Projects\Lab3\Logical\Libraries\sys_lib\sys_lib.fun"
    LogicalPath="Libraries.sys_lib.sys_lib.fun"
    Type="File"
    LastWriteTime="132179715787562178"
    Private="false" />
  <Object
    Path="C:\Projects\Lab3\Logical\Libraries\sys_lib\sys_lib.typ"
    LogicalPath="Libraries.sys_lib.sys_lib.typ"
    Type="File"
    LastWriteTime="132179715787571641"
    Private="false" />
  <Object
    Path="C:\Projects\Lab3\Logical\Libraries\sys_lib\sys_lib.var"
    LogicalPath="Libraries.sys_lib.sys_lib.var"
    Type="File"
    LastWriteTime="132179715787571641"
    Private="false" />
  <Object
    Path="C:\Projects\Lab3\Logical\Libraries\Acp10sim\binary.lby"
    LogicalPath="Libraries.Acp10sim"
    Type="Library"
    LastWriteTime="132179715786965204" />
  <Object
    Path="C:\Projects\Lab3\Logical\Libraries\Acp10sim\acp10sim.var"
    LogicalPath="Libraries.Acp10sim.acp10sim.var"
    Type="File"
    LastWriteTime="132179715786965204"
    Private="false" />
  <Object
    Path="C:\Projects\Lab3\Logical\Libraries\Acp10sim\acp10sim.typ"
    LogicalPath="Libraries.Acp10sim.acp10sim.typ"
    Type="File"
    LastWriteTime="132179715786955282"
    Private="false" />
  <Object
    Path="C:\Projects\Lab3\Logical\Libraries\MotorCtrl\ANSIC.lby"
    LogicalPath="Libraries.MotorCtrl"
    Type="Library"
    LastWriteTime="132179745957121872" />
  <Object
    Path="C:\Projects\Lab3\Logical\Libraries\MotorCtrl\Types.typ"
    LogicalPath="Libraries.MotorCtrl.Types.typ"
    Type="File"
    LastWriteTime="132179715787152339"
    Private="false" />
  <Object
    Path="C:\Projects\Lab3\Logical\Libraries\MotorCtrl\Constants.var"
    LogicalPath="Libraries.MotorCtrl.Constants.var"
    Type="File"
    LastWriteTime="132179715787112450"
    Private="false" />
  <Object
    Path="C:\Projects\Lab3\Logical\Libraries\MotorCtrl\MotorCtrl.fun"
    LogicalPath="Libraries.MotorCtrl.MotorCtrl.fun"
    Type="File"
    LastWriteTime="132179715787141114"
    Private="false" />
  <Object
    Path="C:\Projects\Lab3\Logical\Libraries\MotorCtrl\FB_Regulator.c"
    LogicalPath="Libraries.MotorCtrl.FB_Regulator.c"
    Type="File"
    LastWriteTime="132179715787141114"
    Private="false" />
  <Object
    Path="C:\Projects\Lab3\Logical\Libraries\MotorCtrl\FB_Motor.c"
    LogicalPath="Libraries.MotorCtrl.FB_Motor.c"
    Type="File"
    LastWriteTime="132179715787131572"
    Private="false" />
  <Object
    Path="C:\Projects\Lab3\Logical\Libraries\MotorCtrl\FB_Integrator.c"
    LogicalPath="Libraries.MotorCtrl.FB_Integrator.c"
    Type="File"
    LastWriteTime="132179715787123128"
    Private="false" />
  <Object
    Path="C:\Projects\Lab3\Logical\Libraries\MotorCtrl\FB_Axis.c"
    LogicalPath="Libraries.MotorCtrl.FB_Axis.c"
    Type="File"
    LastWriteTime="132179746315874088"
    Private="false" />
  <Object
    Path="C:\Projects\Lab3\Logical\Libraries\AsIOTime\binary.lby"
    LogicalPath="Libraries.AsIOTime"
    Type="Library"
    LastWriteTime="132179743808672124" />
  <Object
    Path="C:\Projects\Lab3\Logical\Libraries\AsIOTime\AsIOTime.fun"
    LogicalPath="Libraries.AsIOTime.AsIOTime.fun"
    Type="File"
    LastWriteTime="132179743808407688"
    Private="false" />
  <Object
    Path="C:\Projects\Lab3\Logical\Libraries\AsIOTime\AsIOTime.typ"
    LogicalPath="Libraries.AsIOTime.AsIOTime.typ"
    Type="File"
    LastWriteTime="132179743808513652"
    Private="false" />
  <Object
    Path="C:\Projects\Lab3\Logical\Libraries\AsIOTime\AsIOTime.var"
    LogicalPath="Libraries.AsIOTime.AsIOTime.var"
    Type="File"
    LastWriteTime="132179743808583905"
    Private="false" />
  <Object
    Path="C:\Projects\Lab3\Logical\acp10etxen\Ett.dob"
    LogicalPath="acp10etxen"
    Type="DataObject"
    LastWriteTime="132179715787622970" />
  <Object
    Path="C:\Projects\Lab3\Logical\acp10etxen\acp10etxen.ett"
    LogicalPath="acp10etxen.acp10etxen.ett"
    Type="File"
    LastWriteTime="132179715787628387"
    Private="false" />
  <Object
    Path="C:\Projects\Lab3\Logical\SDCAxisCtrlX\ANSIC.prg"
    LogicalPath="SDCAxisCtrlX"
    Type="Program"
    LastWriteTime="132179715787590422" />
  <Object
    Path="C:\Projects\Lab3\Logical\SDCAxisCtrlX\Main.c"
    LogicalPath="SDCAxisCtrlX.Main.c"
    Type="File"
    LastWriteTime="132179745746138329"
    Private="false" />
  <Object
    Path="C:\Projects\Lab3\Logical\SDCAxisCtrlX\Types.typ"
    LogicalPath="SDCAxisCtrlX.Types.typ"
    Type="File"
    LastWriteTime="132179715787610875"
    Private="true" />
  <Object
    Path="C:\Projects\Lab3\Logical\SDCAxisCtrlX\Variables.var"
    LogicalPath="SDCAxisCtrlX.Variables.var"
    Type="File"
    LastWriteTime="132179742948365696"
    Private="true" />
  <Object
    Path="C:\Projects\Lab3\Logical\Axis_X\Package.pkg"
    LogicalPath="Axis_X"
    Type="Package"
    LastWriteTime="132179715785238458" />
  <Object
    Path="C:\Projects\Lab3\Logical\Axis_X\AxInit\Ax.dob"
    LogicalPath="Axis_X.AxInit"
    Type="DataObject"
    LastWriteTime="132179715785224209" />
  <Object
    Path="C:\Projects\Lab3\Logical\Axis_X\AxInit\AxInitAcp10.ax"
    LogicalPath="Axis_X.AxInit.AxInitAcp10.ax"
    Type="File"
    LastWriteTime="132179718618036724"
    Private="false" />
  <Object
    Path="C:\Projects\Lab3\Logical\Axis_X\AcpParTab\Apt.dob"
    LogicalPath="Axis_X.AcpParTab"
    Type="DataObject"
    LastWriteTime="132179715785214883" />
  <Object
    Path="C:\Projects\Lab3\Logical\Axis_X\AcpParTab\AcpParTab.apt"
    LogicalPath="Axis_X.AcpParTab.AcpParTab.apt"
    Type="File"
    LastWriteTime="132179719013009759"
    Private="false" />
  <Object
    Path="C:\Projects\Lab3\Physical\Real\Config.pkg"
    LogicalPath="Real"
    Type="Configuration.ParentUnknown"
    LastWriteTime="132179715788635710" />
  <Object
    Path="C:\Projects\Lab3\Physical\Real\Hardware.hw"
    LogicalPath="Real.Hardware.hw"
    Type="File"
    LastWriteTime="132179747327703196"
    Private="false" />
  <Object
    Path="C:\Projects\Lab3\Physical\Real\Hardware.hwl"
    LogicalPath="Real.Hardware.hwl"
    Type="File"
    LastWriteTime="132179715788645716"
    Private="false" />
  <Object
    Path="C:\Projects\Lab3\Physical\Real\4PP065_0571_P74\Cpu.pkg"
    LogicalPath="Real.4PP065_0571_P74"
    Type="Cpu"
    LastWriteTime="132179723526256092" />
  <Object
    Path="C:\Projects\Lab3\Physical\Real\4PP065_0571_P74\Cpu.sw"
    LogicalPath="Real.4PP065_0571_P74.Cpu.sw"
    Type="File"
    LastWriteTime="132179743815030193"
    Private="false" />
  <Object
    Path="C:\Projects\Lab3\Physical\Real\4PP065_0571_P74\Cpu.per"
    LogicalPath="Real.4PP065_0571_P74.Cpu.per"
    Type="File"
    LastWriteTime="132179715787817659"
    Private="false" />
  <Object
    Path="C:\Projects\Lab3\Physical\Real\4PP065_0571_P74\IoMap.iom"
    LogicalPath="Real.4PP065_0571_P74.IoMap.iom"
    Type="File"
    LastWriteTime="132179715787832209"
    Private="false" />
  <Object
    Path="C:\Projects\Lab3\Physical\Real\4PP065_0571_P74\PvMap.vvm"
    LogicalPath="Real.4PP065_0571_P74.PvMap.vvm"
    Type="File"
    LastWriteTime="132179715788567382"
    Private="false" />
  <Object
    Path="C:\Projects\Lab3\Physical\Real\4PP065_0571_P74\Connectivity\Package.pkg"
    LogicalPath="Real.4PP065_0571_P74.Connectivity"
    Type="Package"
    LastWriteTime="132179715787806370" />
  <Object
    Path="C:\Projects\Lab3\Physical\Real\4PP065_0571_P74\Connectivity\OpcUA\Package.pkg"
    LogicalPath="Real.4PP065_0571_P74.Connectivity.OpcUA"
    Type="Package"
    LastWriteTime="132179715787796116" />
  <Object
    Path="C:\Projects\Lab3\Physical\Real\4PP065_0571_P74\TextSystem\Package.pkg"
    LogicalPath="Real.4PP065_0571_P74.TextSystem"
    Type="Package"
    LastWriteTime="132179715788574704" />
  <Object
    Path="C:\Projects\Lab3\Physical\Real\4PP065_0571_P74\UnitSystem\Package.pkg"
    LogicalPath="Real.4PP065_0571_P74.UnitSystem"
    Type="Package"
    LastWriteTime="132179715788583326" />
  <Object
    Path="C:\Projects\Lab3\Physical\Real\4PP065_0571_P74\AccessAndSecurity\Package.pkg"
    LogicalPath="Real.4PP065_0571_P74.AccessAndSecurity"
    Type="Package"
    LastWriteTime="132179715787757197" />
  <Object
    Path="C:\Projects\Lab3\Physical\Real\4PP065_0571_P74\AccessAndSecurity\UserRoleSystem\Package.pkg"
    LogicalPath="Real.4PP065_0571_P74.AccessAndSecurity.UserRoleSystem"
    Type="Package"
    LastWriteTime="132179715787776356" />
  <Object
    Path="C:\Projects\Lab3\Physical\Real\4PP065_0571_P74\AccessAndSecurity\UserRoleSystem\Role.role"
    LogicalPath="Real.4PP065_0571_P74.AccessAndSecurity.UserRoleSystem.Role.role"
    Type="File"
    LastWriteTime="132179715787786112"
    Private="false" />
  <Object
    Path="C:\Projects\Lab3\Physical\Real\4PP065_0571_P74\AccessAndSecurity\UserRoleSystem\User.user"
    LogicalPath="Real.4PP065_0571_P74.AccessAndSecurity.UserRoleSystem.User.user"
    Type="File"
    LastWriteTime="132179715787796116"
    Private="false" />
  <Object
    Path="C:\Projects\Lab3\Physical\Real\4PP065_0571_P74\AccessAndSecurity\CertificateStore\Package.pkg"
    LogicalPath="Real.4PP065_0571_P74.AccessAndSecurity.CertificateStore"
    Type="Package"
    LastWriteTime="132179715787737316" />
  <Object
    Path="C:\Projects\Lab3\Physical\Real\4PP065_0571_P74\AccessAndSecurity\CertificateStore\OwnCertificates\Package.pkg"
    LogicalPath="Real.4PP065_0571_P74.AccessAndSecurity.CertificateStore.OwnCertificates"
    Type="Package"
    LastWriteTime="132179715787727602" />
  <Object
    Path="C:\Projects\Lab3\Physical\Real\4PP065_0571_P74\AccessAndSecurity\CertificateStore\OwnCertificates\Certificates\Package.pkg"
    LogicalPath="Real.4PP065_0571_P74.AccessAndSecurity.CertificateStore.OwnCertificates.Certificates"
    Type="Package"
    LastWriteTime="132179715787718403" />
  <Object
    Path="C:\Projects\Lab3\Physical\Real\4PP065_0571_P74\AccessAndSecurity\CertificateStore\OwnCertificates\PrivateKeys\Package.pkg"
    LogicalPath="Real.4PP065_0571_P74.AccessAndSecurity.CertificateStore.OwnCertificates.PrivateKeys"
    Type="Package"
    LastWriteTime="132179715787737316" />
  <Object
    Path="C:\Projects\Lab3\Physical\Real\4PP065_0571_P74\AccessAndSecurity\CertificateStore\ThirdPartyCertificates\Package.pkg"
    LogicalPath="Real.4PP065_0571_P74.AccessAndSecurity.CertificateStore.ThirdPartyCertificates"
    Type="Package"
    LastWriteTime="132179715787747516" />
  <Object
    Path="C:\Projects\Lab3\Physical\Real\4PP065_0571_P74\AccessAndSecurity\CertificateStore\ThirdPartyCertificates\SoftwareCertificates\Package.pkg"
    LogicalPath="Real.4PP065_0571_P74.AccessAndSecurity.CertificateStore.ThirdPartyCertificates.SoftwareCertificates"
    Type="Package"
    LastWriteTime="132179715787757197" />
  <Object
    Path="C:\Projects\Lab3\Physical\Real\4PP065_0571_P74\AccessAndSecurity\CertificateStore\CertificateRevocationLists\Package.pkg"
    LogicalPath="Real.4PP065_0571_P74.AccessAndSecurity.CertificateStore.CertificateRevocationLists"
    Type="Package"
    LastWriteTime="132179715787659156" />
  <Object
    Path="C:\Projects\Lab3\Physical\Real\4PP065_0571_P74\AccessAndSecurity\CertificateStore\CertificateSigningRequests\Package.pkg"
    LogicalPath="Real.4PP065_0571_P74.AccessAndSecurity.CertificateStore.CertificateSigningRequests"
    Type="Package"
    LastWriteTime="132179715787668967" />
  <Object
    Path="C:\Projects\Lab3\Physical\Real\4PP065_0571_P74\AccessAndSecurity\TransportLayerSecurity\Package.pkg"
    LogicalPath="Real.4PP065_0571_P74.AccessAndSecurity.TransportLayerSecurity"
    Type="Package"
    LastWriteTime="132179715787776356" />
  <Object
    Path="C:\Projects\Lab3\Physical\Real\4PP065_0571_P74\mappControl\Package.pkg"
    LogicalPath="Real.4PP065_0571_P74.mappControl"
    Type="Package"
    LastWriteTime="132179715788606380" />
  <Object
    Path="C:\Projects\Lab3\Physical\Real\4PP065_0571_P74\mappMotion\Package.pkg"
    LogicalPath="Real.4PP065_0571_P74.mappMotion"
    Type="Package"
    LastWriteTime="132179715788616016" />
  <Object
    Path="C:\Projects\Lab3\Physical\Real\4PP065_0571_P74\mappServices\Package.pkg"
    LogicalPath="Real.4PP065_0571_P74.mappServices"
    Type="Package"
    LastWriteTime="132179715788616016" />
  <Object
    Path="C:\Projects\Lab3\Physical\Real\4PP065_0571_P74\mappView\Package.pkg"
    LogicalPath="Real.4PP065_0571_P74.mappView"
    Type="Package"
    LastWriteTime="132179715788626509" />
  <Object
    Path="C:\Projects\Lab3\Physical\Real\4PP065_0571_P74\mappCockpit\Package.pkg"
    LogicalPath="Real.4PP065_0571_P74.mappCockpit"
    Type="Package"
    LastWriteTime="132179715788596596" />
  <Object
    Path="C:\Projects\Lab3\Physical\Real\4PP065_0571_P74\Motion\Package.pkg"
    LogicalPath="Real.4PP065_0571_P74.Motion"
    Type="Package"
    LastWriteTime="132179724855326648" />
  <Object
    Path="C:\Projects\Lab3\Physical\Real\4PP065_0571_P74\Motion\Acp10cfg.ncc"
    LogicalPath="Real.4PP065_0571_P74.Motion.Acp10cfg.ncc"
    Type="File"
    LastWriteTime="132179715787843344"
    Private="false" />
  <Object
    Path="C:\Projects\Lab3\Physical\Real\4PP065_0571_P74\Motion\Acp10sys.br"
    LogicalPath="Real.4PP065_0571_P74.Motion.Acp10sys.br"
    Type="File"
    LastWriteTime="132179715788548337"
    Private="false" />
  <Object
    Path="C:\Projects\Lab3\Physical\Real\4PP065_0571_P74\Motion\Acp10map1.ncm"
    LogicalPath="Real.4PP065_0571_P74.Motion.Acp10map1.ncm"
    Type="File"
    LastWriteTime="132179719883951620"
    Private="false" />
  <Object
    Path="C:\Projects\Lab3\Physical\Real\4PP065_0571_P74\Package\Package.pkg"
    LogicalPath="Real.4PP065_0571_P74.Package"
    Type="Package"
    LastWriteTime="132179723565521235" />
  <Object
    Path="C:\Projects\Lab3\Physical\Real\4PP065_0571_P74\Package\Acp10map.ncm"
    LogicalPath="Real.4PP065_0571_P74.Package.Acp10map.ncm"
    Type="File"
    LastWriteTime="132179723565505440"
    Private="false" />
  <Object
    Path="C:\Projects\Lab3\Physical\Real\Hardware.jpg"
    LogicalPath="Real.Hardware.jpg"
    Type="File"
    LastWriteTime="132179747406222344"
    Private="false" />
</Objects>